2026-07-14 22:00:17
                INFO 
                [http-nio-8080-exec-2]
                [requestId=]
                [clientIp=]
                [userAgent=]
                [o.a.c.c.C.[Tomcat].[localhost].[/]]
                -
                Initializing Spring DispatcherServlet 'dispatcherServlet'
2026-07-14 22:00:17
                INFO 
                [http-nio-8080-exec-2]
                [requestId=]
                [clientIp=]
                [userAgent=]
                [o.s.web.servlet.DispatcherServlet]
                -
                Initializing Servlet 'dispatcherServlet'
2026-07-14 22:00:17
                INFO 
                [http-nio-8080-exec-2]
                [requestId=]
                [clientIp=]
                [userAgent=]
                [o.s.web.servlet.DispatcherServlet]
                -
                Completed initialization in 2 ms
2026-07-14 22:00:17
                INFO 
                [http-nio-8080-exec-2]
                [requestId=1208c04b-2f48-45c8-9fca-77a44b7dd77f]
                [clientIp=]
                [userAgent=]
                [c.s.s.l.filter.RequestLoggingFilter]
                -
                Incoming Request : POST /student/add
2026-07-14 22:00:17
                INFO 
                [http-nio-8080-exec-2]
                [requestId=1208c04b-2f48-45c8-9fca-77a44b7dd77f]
                [clientIp=]
                [userAgent=]
                [c.s.s.l.i.LoggingInterceptor]
                -
                Controller=StudentController Method=addStudent started
2026-07-14 22:00:18
                DEBUG
                [http-nio-8080-exec-2]
                [requestId=1208c04b-2f48-45c8-9fca-77a44b7dd77f]
                [clientIp=]
                [userAgent=]
                [c.s.s.Controller.StudentController]
                -
                Incoming student request StudentDto.StudentRequest(ID=null, name=sridhar s, course=java)
2026-07-14 22:00:18
                INFO 
                [http-nio-8080-exec-2]
                [requestId=1208c04b-2f48-45c8-9fca-77a44b7dd77f]
                [clientIp=]
                [userAgent=]
                [c.s.s.logging.aspect.LoggingAspect]
                -
                Entering StudentService.AddStudent()
2026-07-14 22:00:18
                INFO 
                [http-nio-8080-exec-2]
                [requestId=1208c04b-2f48-45c8-9fca-77a44b7dd77f]
                [clientIp=]
                [userAgent=]
                [c.s.s.Service.StudentService]
                -
                Student creation request received
2026-07-14 22:00:18
                ERROR
                [http-nio-8080-exec-2]
                [requestId=1208c04b-2f48-45c8-9fca-77a44b7dd77f]
                [clientIp=]
                [userAgent=]
                [c.s.s.logging.aspect.LoggingAspect]
                -
                Exception in StudentService.AddStudent() after 99 ms : Identifier of entity 'com.sridhar.springboot.models.Student' must be manually assigned before calling 'persist()'
2026-07-14 22:00:18
                ERROR
                [http-nio-8080-exec-2]
                [requestId=1208c04b-2f48-45c8-9fca-77a44b7dd77f]
                [clientIp=]
                [userAgent=]
                [c.s.s.E.GlobalExceptionHandler]
                -
                Unexpected Error URI=/student/add
org.springframework.orm.jpa.JpaSystemException: Identifier of entity 'com.sridhar.springboot.models.Student' must be manually assigned before calling 'persist()'
	at org.springframework.orm.jpa.vendor.HibernateJpaDialect.convertHibernateAccessException(HibernateJpaDialect.java:348)
	at org.springframework.orm.jpa.vendor.HibernateJpaDialect.convertHibernateAccessException(HibernateJpaDialect.java:256)
	at org.springframework.orm.jpa.vendor.HibernateJpaDialect.translateExceptionIfPossible(HibernateJpaDialect.java:241)
	at org.springframework.orm.jpa.AbstractEntityManagerFactoryBean.translateExceptionIfPossible(AbstractEntityManagerFactoryBean.java:560)
	at org.springframework.dao.support.ChainedPersistenceExceptionTranslator.translateExceptionIfPossible(ChainedPersistenceExceptionTranslator.java:61)
	at org.springframework.dao.support.DataAccessUtils.translateIfNecessary(DataAccessUtils.java:343)
	at org.springframework.dao.support.PersistenceExceptionTranslationInterceptor.invoke(PersistenceExceptionTranslationInterceptor.java:160)
	at org.springframework.aop.framework.ReflectiveMethodInvocation.proceed(ReflectiveMethodInvocation.java:184)
	at org.springframework.data.jpa.repository.support.CrudMethodMetadataPostProcessor$CrudMethodMetadataPopulatingMethodInterceptor.invoke(CrudMethodMetadataPostProcessor.java:165)
	at org.springframework.aop.framework.ReflectiveMethodInvocation.proceed(ReflectiveMethodInvocation.java:184)
	at org.springframework.aop.framework.JdkDynamicAopProxy.invoke(JdkDynamicAopProxy.java:223)
	at jdk.proxy2/jdk.proxy2.$Proxy118.save(Unknown Source)
	at com.sridhar.springboot.Service.StudentService.AddStudent(StudentService.java:33)
	at java.base/jdk.internal.reflect.DirectMethodHandleAccessor.invoke(DirectMethodHandleAccessor.java:104)
	at java.base/java.lang.reflect.Method.invoke(Method.java:565)
	at org.springframework.aop.support.AopUtils.invokeJoinpointUsingReflection(AopUtils.java:359)
	at org.springframework.aop.framework.ReflectiveMethodInvocation.invokeJoinpoint(ReflectiveMethodInvocation.java:196)
	at org.springframework.aop.framework.ReflectiveMethodInvocation.proceed(ReflectiveMethodInvocation.java:163)
	at org.springframework.aop.aspectj.MethodInvocationProceedingJoinPoint.proceed(MethodInvocationProceedingJoinPoint.java:89)
	at com.sridhar.springboot.logging.aspect.LoggingAspect.logMethodExecution(LoggingAspect.java:35)
	at java.base/jdk.internal.reflect.DirectMethodHandleAccessor.invoke(DirectMethodHandleAccessor.java:104)
	at java.base/java.lang.reflect.Method.invoke(Method.java:565)
	at org.springframework.aop.aspectj.AbstractAspectJAdvice.invokeAdviceMethodWithGivenArgs(AbstractAspectJAdvice.java:642)
	at org.springframework.aop.aspectj.AbstractAspectJAdvice.invokeAdviceMethod(AbstractAspectJAdvice.java:632)
	at org.springframework.aop.aspectj.AspectJAroundAdvice.invoke(AspectJAroundAdvice.java:71)
	at org.springframework.aop.framework.ReflectiveMethodInvocation.proceed(ReflectiveMethodInvocation.java:184)
	at org.springframework.aop.interceptor.ExposeInvocationInterceptor.invoke(ExposeInvocationInterceptor.java:97)
	at org.springframework.aop.framework.ReflectiveMethodInvocation.proceed(ReflectiveMethodInvocation.java:184)
	at org.springframework.aop.framework.CglibAopProxy$DynamicAdvisedInterceptor.intercept(CglibAopProxy.java:728)
	at com.sridhar.springboot.Service.StudentService$$SpringCGLIB$$0.AddStudent(<generated>)
	at com.sridhar.springboot.Controller.StudentController.addStudent(StudentController.java:28)
	at java.base/jdk.internal.reflect.DirectMethodHandleAccessor.invoke(DirectMethodHandleAccessor.java:104)
	at java.base/java.lang.reflect.Method.invoke(Method.java:565)
	at org.springframework.web.method.support.InvocableHandlerMethod.doInvoke(InvocableHandlerMethod.java:258)
	at org.springframework.web.method.support.InvocableHandlerMethod.invokeForRequest(InvocableHandlerMethod.java:191)
	at org.springframework.web.servlet.mvc.method.annotation.ServletInvocableHandlerMethod.invokeAndHandle(ServletInvocableHandlerMethod.java:118)
	at org.springframework.web.servlet.mvc.method.annotation.RequestMappingHandlerAdapter.invokeHandlerMethod(RequestMappingHandlerAdapter.java:986)
	at org.springframework.web.servlet.mvc.method.annotation.RequestMappingHandlerAdapter.handleInternal(RequestMappingHandlerAdapter.java:891)
	at org.springframework.web.servlet.mvc.method.AbstractHandlerMethodAdapter.handle(AbstractHandlerMethodAdapter.java:87)
	at org.springframework.web.servlet.DispatcherServlet.doDispatch(DispatcherServlet.java:1089)
	at org.springframework.web.servlet.DispatcherServlet.doService(DispatcherServlet.java:979)
	at org.springframework.web.servlet.FrameworkServlet.processRequest(FrameworkServlet.java:1014)
	at org.springframework.web.servlet.FrameworkServlet.doPost(FrameworkServlet.java:914)
	at jakarta.servlet.http.HttpServlet.service(HttpServlet.java:590)
	at org.springframework.web.servlet.FrameworkServlet.service(FrameworkServlet.java:885)
	at jakarta.servlet.http.HttpServlet.service(HttpServlet.java:658)
	at org.apache.catalina.core.ApplicationFilterChain.internalDoFilter(ApplicationFilterChain.java:195)
	at org.apache.catalina.core.ApplicationFilterChain.doFilter(ApplicationFilterChain.java:140)
	at org.apache.tomcat.websocket.server.WsFilter.doFilter(WsFilter.java:51)
	at org.apache.catalina.core.ApplicationFilterChain.internalDoFilter(ApplicationFilterChain.java:164)
	at org.apache.catalina.core.ApplicationFilterChain.doFilter(ApplicationFilterChain.java:140)
	at com.sridhar.springboot.logging.filter.RequestLoggingFilter.doFilterInternal(RequestLoggingFilter.java:40)
	at org.springframework.web.filter.OncePerRequestFilter.doFilter(OncePerRequestFilter.java:116)
	at org.apache.catalina.core.ApplicationFilterChain.internalDoFilter(ApplicationFilterChain.java:164)
	at org.apache.catalina.core.ApplicationFilterChain.doFilter(ApplicationFilterChain.java:140)
	at org.springframework.web.filter.RequestContextFilter.doFilterInternal(RequestContextFilter.java:100)
	at org.springframework.web.filter.OncePerRequestFilter.doFilter(OncePerRequestFilter.java:116)
	at org.apache.catalina.core.ApplicationFilterChain.internalDoFilter(ApplicationFilterChain.java:164)
	at org.apache.catalina.core.ApplicationFilterChain.doFilter(ApplicationFilterChain.java:140)
	at org.springframework.web.filter.FormContentFilter.doFilterInternal(FormContentFilter.java:93)
	at org.springframework.web.filter.OncePerRequestFilter.doFilter(OncePerRequestFilter.java:116)
	at org.apache.catalina.core.ApplicationFilterChain.internalDoFilter(ApplicationFilterChain.java:164)
	at org.apache.catalina.core.ApplicationFilterChain.doFilter(ApplicationFilterChain.java:140)
	at org.springframework.web.filter.CharacterEncodingFilter.doFilterInternal(CharacterEncodingFilter.java:201)
	at org.springframework.web.filter.OncePerRequestFilter.doFilter(OncePerRequestFilter.java:116)
	at org.apache.catalina.core.ApplicationFilterChain.internalDoFilter(ApplicationFilterChain.java:164)
	at org.apache.catalina.core.ApplicationFilterChain.doFilter(ApplicationFilterChain.java:140)
	at org.apache.catalina.core.StandardWrapperValve.invoke(StandardWrapperValve.java:167)
	at org.apache.catalina.core.StandardContextValve.invoke(StandardContextValve.java:90)
	at org.apache.catalina.authenticator.AuthenticatorBase.invoke(AuthenticatorBase.java:483)
	at org.apache.catalina.core.StandardHostValve.invoke(StandardHostValve.java:116)
	at org.apache.catalina.valves.ErrorReportValve.invoke(ErrorReportValve.java:93)
	at org.apache.catalina.core.StandardEngineValve.invoke(StandardEngineValve.java:74)
	at org.apache.catalina.connector.CoyoteAdapter.service(CoyoteAdapter.java:344)
	at org.apache.coyote.http11.Http11Processor.service(Http11Processor.java:398)
	at org.apache.coyote.AbstractProcessorLight.process(AbstractProcessorLight.java:63)
	at org.apache.coyote.AbstractProtocol$ConnectionHandler.process(AbstractProtocol.java:903)
	at org.apache.tomcat.util.net.NioEndpoint$SocketProcessor.doRun(NioEndpoint.java:1769)
	at org.apache.tomcat.util.net.SocketProcessorBase.run(SocketProcessorBase.java:52)
	at org.apache.tomcat.util.threads.ThreadPoolExecutor.runWorker(ThreadPoolExecutor.java:1189)
	at org.apache.tomcat.util.threads.ThreadPoolExecutor$Worker.run(ThreadPoolExecutor.java:658)
	at org.apache.tomcat.util.threads.TaskThread$WrappingRunnable.run(TaskThread.java:63)
	at java.base/java.lang.Thread.run(Thread.java:1474)
Caused by: org.hibernate.id.IdentifierGenerationException: Identifier of entity 'com.sridhar.springboot.models.Student' must be manually assigned before calling 'persist()'
	at org.hibernate.event.internal.AbstractSaveEventListener.performSave(AbstractSaveEventListener.java:209)
	at org.hibernate.event.internal.AbstractSaveEventListener.saveWithGeneratedId(AbstractSaveEventListener.java:136)
	at org.hibernate.event.internal.DefaultPersistEventListener.entityIsTransient(DefaultPersistEventListener.java:177)
	at org.hibernate.event.internal.DefaultPersistEventListener.persist(DefaultPersistEventListener.java:95)
	at org.hibernate.event.internal.DefaultPersistEventListener.onPersist(DefaultPersistEventListener.java:79)
	at org.hibernate.event.internal.DefaultPersistEventListener.onPersist(DefaultPersistEventListener.java:55)
	at org.hibernate.event.service.internal.EventListenerGroupImpl.fireEventOnEachListener(EventListenerGroupImpl.java:127)
	at org.hibernate.internal.SessionImpl.firePersist(SessionImpl.java:761)
	at org.hibernate.internal.SessionImpl.persist(SessionImpl.java:745)
	at java.base/jdk.internal.reflect.DirectMethodHandleAccessor.invoke(DirectMethodHandleAccessor.java:104)
	at java.base/java.lang.reflect.Method.invoke(Method.java:565)
	at org.springframework.orm.jpa.ExtendedEntityManagerCreator$ExtendedEntityManagerInvocationHandler.invoke(ExtendedEntityManagerCreator.java:364)
	at jdk.proxy2/jdk.proxy2.$Proxy116.persist(Unknown Source)
	at java.base/jdk.internal.reflect.DirectMethodHandleAccessor.invoke(DirectMethodHandleAccessor.java:104)
	at java.base/java.lang.reflect.Method.invoke(Method.java:565)
	at org.springframework.orm.jpa.SharedEntityManagerCreator$SharedEntityManagerInvocationHandler.invoke(SharedEntityManagerCreator.java:320)
	at jdk.proxy2/jdk.proxy2.$Proxy116.persist(Unknown Source)
	at org.springframework.data.jpa.repository.support.SimpleJpaRepository.save(SimpleJpaRepository.java:653)
	at java.base/jdk.internal.reflect.DirectMethodHandleAccessor.invoke(DirectMethodHandleAccessor.java:104)
	at java.base/java.lang.reflect.Method.invoke(Method.java:565)
	at org.springframework.aop.support.AopUtils.invokeJoinpointUsingReflection(AopUtils.java:359)
	at org.springframework.data.repository.core.support.RepositoryMethodInvoker$RepositoryFragmentMethodInvoker.lambda$new$0(RepositoryMethodInvoker.java:277)
	at org.springframework.data.repository.core.support.RepositoryMethodInvoker.doInvoke(RepositoryMethodInvoker.java:170)
	at org.springframework.data.repository.core.support.RepositoryMethodInvoker.invoke(RepositoryMethodInvoker.java:158)
	at org.springframework.data.repository.core.support.RepositoryComposition$RepositoryFragments.invoke(RepositoryComposition.java:515)
	at org.springframework.data.repository.core.support.RepositoryComposition.invoke(RepositoryComposition.java:284)
	at org.springframework.data.repository.core.support.RepositoryFactorySupport$ImplementationMethodExecutionInterceptor.invoke(RepositoryFactorySupport.java:734)
	at org.springframework.aop.framework.ReflectiveMethodInvocation.proceed(ReflectiveMethodInvocation.java:184)
	at org.springframework.data.repository.core.support.QueryExecutorMethodInterceptor.doInvoke(QueryExecutorMethodInterceptor.java:174)
	at org.springframework.data.repository.core.support.QueryExecutorMethodInterceptor.invoke(QueryExecutorMethodInterceptor.java:149)
	at org.springframework.aop.framework.ReflectiveMethodInvocation.proceed(ReflectiveMethodInvocation.java:184)
	at org.springframework.data.projection.DefaultMethodInvokingMethodInterceptor.invoke(DefaultMethodInvokingMethodInterceptor.java:69)
	at org.springframework.aop.framework.ReflectiveMethodInvocation.proceed(ReflectiveMethodInvocation.java:184)
	at org.springframework.transaction.interceptor.TransactionAspectSupport.invokeWithinTransaction(TransactionAspectSupport.java:380)
	at org.springframework.transaction.interceptor.TransactionInterceptor.invoke(TransactionInterceptor.java:119)
	at org.springframework.aop.framework.ReflectiveMethodInvocation.proceed(ReflectiveMethodInvocation.java:184)
	at org.springframework.dao.support.PersistenceExceptionTranslationInterceptor.invoke(PersistenceExceptionTranslationInterceptor.java:138)
	... 76 common frames omitted
2026-07-14 22:00:18
                INFO 
                [http-nio-8080-exec-2]
                [requestId=1208c04b-2f48-45c8-9fca-77a44b7dd77f]
                [clientIp=]
                [userAgent=]
                [c.s.s.l.i.LoggingInterceptor]
                -
                Controller=StudentController Method=addStudent completed Status=500 Time=852 ms
2026-07-14 22:00:18
                INFO 
                [http-nio-8080-exec-2]
                [requestId=1208c04b-2f48-45c8-9fca-77a44b7dd77f]
                [clientIp=]
                [userAgent=]
                [c.s.s.l.filter.RequestLoggingFilter]
                -
                REQUEST COMPLETED : POST /student/add Status=500 Time=914ms
2026-07-14 22:03:59
                INFO 
                [SpringApplicationShutdownHook]
                [requestId=]
                [clientIp=]
                [userAgent=]
                [o.s.b.w.e.tomcat.GracefulShutdown]
                -
                Commencing graceful shutdown. Waiting for active requests to complete
2026-07-14 22:03:59
                INFO 
                [tomcat-shutdown]
                [requestId=]
                [clientIp=]
                [userAgent=]
                [o.s.b.w.e.tomcat.GracefulShutdown]
                -
                Graceful shutdown complete
2026-07-14 22:03:59
                INFO 
                [SpringApplicationShutdownHook]
                [requestId=]
                [clientIp=]
                [userAgent=]
                [o.s.o.j.LocalContainerEntityManagerFactoryBean]
                -
                Closing JPA EntityManagerFactory for persistence unit 'default'
2026-07-14 22:03:59
                INFO 
                [SpringApplicationShutdownHook]
                [requestId=]
                [clientIp=]
                [userAgent=]
                [com.zaxxer.hikari.HikariDataSource]
                -
                HikariPool-1 - Shutdown initiated...
2026-07-14 22:03:59
                INFO 
                [SpringApplicationShutdownHook]
                [requestId=]
                [clientIp=]
                [userAgent=]
                [com.zaxxer.hikari.HikariDataSource]
                -
                HikariPool-1 - Shutdown completed.
2026-07-14 22:04:06
                INFO 
                [background-preinit]
                [requestId=]
                [clientIp=]
                [userAgent=]
                [o.h.validator.internal.util.Version]
                -
                HV000001: Hibernate Validator 8.0.2.Final
2026-07-14 22:04:06
                INFO 
                [main]
                [requestId=]
                [clientIp=]
                [userAgent=]
                [c.s.springboot.SpringbootApplication]
                -
                Starting SpringbootApplication using Java 25.0.1 with PID 17960 (D:\chrome\springboot\springboot-logging\target\classes started by Administrator in D:\chrome\springboot\springboot-logging)
2026-07-14 22:04:06
                DEBUG
                [main]
                [requestId=]
                [clientIp=]
                [userAgent=]
                [c.s.springboot.SpringbootApplication]
                -
                Running with Spring Boot v3.5.3, Spring v6.2.8
2026-07-14 22:04:06
                INFO 
                [main]
                [requestId=]
                [clientIp=]
                [userAgent=]
                [c.s.springboot.SpringbootApplication]
                -
                No active profile set, falling back to 1 default profile: "default"
2026-07-14 22:04:08
                INFO 
                [main]
                [requestId=]
                [clientIp=]
                [userAgent=]
                [o.s.d.r.c.RepositoryConfigurationDelegate]
                -
                Bootstrapping Spring Data JPA repositories in DEFAULT mode.
2026-07-14 22:04:08
                INFO 
                [main]
                [requestId=]
                [clientIp=]
                [userAgent=]
                [o.s.d.r.c.RepositoryConfigurationDelegate]
                -
                Finished Spring Data repository scanning in 139 ms. Found 1 JPA repository interface.
2026-07-14 22:04:09
                INFO 
                [main]
                [requestId=]
                [clientIp=]
                [userAgent=]
                [o.s.b.w.e.tomcat.TomcatWebServer]
                -
                Tomcat initialized with port 8080 (http)
2026-07-14 22:04:09
                INFO 
                [main]
                [requestId=]
                [clientIp=]
                [userAgent=]
                [o.a.coyote.http11.Http11NioProtocol]
                -
                Initializing ProtocolHandler ["http-nio-8080"]
2026-07-14 22:04:09
                INFO 
                [main]
                [requestId=]
                [clientIp=]
                [userAgent=]
                [o.a.catalina.core.StandardService]
                -
                Starting service [Tomcat]
2026-07-14 22:04:09
                INFO 
                [main]
                [requestId=]
                [clientIp=]
                [userAgent=]
                [o.a.catalina.core.StandardEngine]
                -
                Starting Servlet engine: [Apache Tomcat/10.1.42]
2026-07-14 22:04:09
                INFO 
                [main]
                [requestId=]
                [clientIp=]
                [userAgent=]
                [o.a.c.c.C.[Tomcat].[localhost].[/]]
                -
                Initializing Spring embedded WebApplicationContext
2026-07-14 22:04:09
                INFO 
                [main]
                [requestId=]
                [clientIp=]
                [userAgent=]
                [o.s.b.w.s.c.ServletWebServerApplicationContext]
                -
                Root WebApplicationContext: initialization completed in 3463 ms
2026-07-14 22:04:10
                DEBUG
                [main]
                [requestId=]
                [clientIp=]
                [userAgent=]
                [c.s.s.l.filter.RequestLoggingFilter]
                -
                Filter 'requestLoggingFilter' configured for use
2026-07-14 22:04:10
                INFO 
                [main]
                [requestId=]
                [clientIp=]
                [userAgent=]
                [com.zaxxer.hikari.HikariDataSource]
                -
                HikariPool-1 - Starting...
2026-07-14 22:04:10
                INFO 
                [main]
                [requestId=]
                [clientIp=]
                [userAgent=]
                [com.zaxxer.hikari.pool.HikariPool]
                -
                HikariPool-1 - Added connection conn0: url=jdbc:h2:mem:e75a9a68-dd5e-4033-af1b-b44e1b645f8c user=SA
2026-07-14 22:04:10
                INFO 
                [main]
                [requestId=]
                [clientIp=]
                [userAgent=]
                [com.zaxxer.hikari.HikariDataSource]
                -
                HikariPool-1 - Start completed.
2026-07-14 22:04:10
                INFO 
                [main]
                [requestId=]
                [clientIp=]
                [userAgent=]
                [o.h.jpa.internal.util.LogHelper]
                -
                HHH000204: Processing PersistenceUnitInfo [name: default]
2026-07-14 22:04:10
                INFO 
                [main]
                [requestId=]
                [clientIp=]
                [userAgent=]
                [org.hibernate.Version]
                -
                HHH000412: Hibernate ORM core version 6.6.18.Final
2026-07-14 22:04:11
                INFO 
                [main]
                [requestId=]
                [clientIp=]
                [userAgent=]
                [o.h.c.i.RegionFactoryInitiator]
                -
                HHH000026: Second-level cache disabled
2026-07-14 22:04:11
                INFO 
                [main]
                [requestId=]
                [clientIp=]
                [userAgent=]
                [o.s.o.j.p.SpringPersistenceUnitInfo]
                -
                No LoadTimeWeaver setup: ignoring JPA class transformer
2026-07-14 22:04:11
                INFO 
                [main]
                [requestId=]
                [clientIp=]
                [userAgent=]
                [o.hibernate.orm.connections.pooling]
                -
                HHH10001005: Database info:
	Database JDBC URL [Connecting through datasource 'HikariDataSource (HikariPool-1)']
	Database driver: undefined/unknown
	Database version: 2.3.232
	Autocommit mode: undefined/unknown
	Isolation level: undefined/unknown
	Minimum pool size: undefined/unknown
	Maximum pool size: undefined/unknown
2026-07-14 22:04:13
                INFO 
                [main]
                [requestId=]
                [clientIp=]
                [userAgent=]
                [o.h.e.t.j.p.i.JtaPlatformInitiator]
                -
                HHH000489: No JTA platform available (set 'hibernate.transaction.jta.platform' to enable JTA platform integration)
2026-07-14 22:04:13
                INFO 
                [main]
                [requestId=]
                [clientIp=]
                [userAgent=]
                [o.s.o.j.LocalContainerEntityManagerFactoryBean]
                -
                Initialized JPA EntityManagerFactory for persistence unit 'default'
2026-07-14 22:04:14
                WARN 
                [main]
                [requestId=]
                [clientIp=]
                [userAgent=]
                [o.s.b.a.o.j.JpaBaseConfiguration$JpaWebConfiguration]
                -
                spring.jpa.open-in-view is enabled by default. Therefore, database queries may be performed during view rendering. Explicitly configure spring.jpa.open-in-view to disable this warning
2026-07-14 22:04:14
                INFO 
                [main]
                [requestId=]
                [clientIp=]
                [userAgent=]
                [o.a.coyote.http11.Http11NioProtocol]
                -
                Starting ProtocolHandler ["http-nio-8080"]
2026-07-14 22:04:14
                INFO 
                [main]
                [requestId=]
                [clientIp=]
                [userAgent=]
                [o.s.b.w.e.tomcat.TomcatWebServer]
                -
                Tomcat started on port 8080 (http) with context path '/'
2026-07-14 22:04:14
                INFO 
                [main]
                [requestId=]
                [clientIp=]
                [userAgent=]
                [c.s.springboot.SpringbootApplication]
                -
                Started SpringbootApplication in 9.978 seconds (process running for 11.176)
2026-07-14 22:05:44
                INFO 
                [http-nio-8080-exec-1]
                [requestId=]
                [clientIp=]
                [userAgent=]
                [o.a.c.c.C.[Tomcat].[localhost].[/]]
                -
                Initializing Spring DispatcherServlet 'dispatcherServlet'
2026-07-14 22:05:44
                INFO 
                [http-nio-8080-exec-1]
                [requestId=]
                [clientIp=]
                [userAgent=]
                [o.s.web.servlet.DispatcherServlet]
                -
                Initializing Servlet 'dispatcherServlet'
2026-07-14 22:05:44
                INFO 
                [http-nio-8080-exec-1]
                [requestId=]
                [clientIp=]
                [userAgent=]
                [o.s.web.servlet.DispatcherServlet]
                -
                Completed initialization in 3 ms
2026-07-14 22:05:51
                INFO 
                [http-nio-8080-exec-1]
                [requestId=c4fa6a6b-7c09-44c4-bf8a-f98525bc42ea]
                [clientIp=]
                [userAgent=]
                [c.s.s.l.filter.RequestLoggingFilter]
                -
                Incoming Request : POST /student/add
2026-07-14 22:05:56
                INFO 
                [http-nio-8080-exec-1]
                [requestId=c4fa6a6b-7c09-44c4-bf8a-f98525bc42ea]
                [clientIp=]
                [userAgent=]
                [c.s.s.l.i.LoggingInterceptor]
                -
                Controller=StudentController Method=addStudent started
2026-07-14 22:05:57
                DEBUG
                [http-nio-8080-exec-1]
                [requestId=c4fa6a6b-7c09-44c4-bf8a-f98525bc42ea]
                [clientIp=]
                [userAgent=]
                [c.s.s.Controller.StudentController]
                -
                Incoming student request StudentDto.StudentRequest(ID=null, name=sridhar s, course=java)
2026-07-14 22:05:59
                INFO 
                [http-nio-8080-exec-1]
                [requestId=c4fa6a6b-7c09-44c4-bf8a-f98525bc42ea]
                [clientIp=]
                [userAgent=]
                [c.s.s.logging.aspect.LoggingAspect]
                -
                Entering StudentService.AddStudent()
2026-07-14 22:05:59
                INFO 
                [http-nio-8080-exec-1]
                [requestId=c4fa6a6b-7c09-44c4-bf8a-f98525bc42ea]
                [clientIp=]
                [userAgent=]
                [c.s.s.Service.StudentService]
                -
                Student creation request received
2026-07-14 22:05:59
                INFO 
                [http-nio-8080-exec-1]
                [requestId=c4fa6a6b-7c09-44c4-bf8a-f98525bc42ea]
                [clientIp=]
                [userAgent=]
                [c.s.s.Service.StudentService]
                -
                Student created successfully. StudentId=1, Name=sridhar s
2026-07-14 22:06:14
                INFO 
                [http-nio-8080-exec-1]
                [requestId=c4fa6a6b-7c09-44c4-bf8a-f98525bc42ea]
                [clientIp=]
                [userAgent=]
                [c.s.s.logging.aspect.LoggingAspect]
                -
                Completed StudentService.AddStudent() in 14841 ms
2026-07-14 22:06:17
                INFO 
                [http-nio-8080-exec-1]
                [requestId=c4fa6a6b-7c09-44c4-bf8a-f98525bc42ea]
                [clientIp=]
                [userAgent=]
                [c.s.s.Controller.StudentController]
                -
                Student created successfully. StudentName=sridhar s
2026-07-14 22:06:23
                INFO 
                [http-nio-8080-exec-1]
                [requestId=c4fa6a6b-7c09-44c4-bf8a-f98525bc42ea]
                [clientIp=]
                [userAgent=]
                [c.s.s.l.i.LoggingInterceptor]
                -
                Controller=StudentController Method=addStudent completed Status=200 Time=28154 ms
2026-07-14 22:06:23
                INFO 
                [http-nio-8080-exec-1]
                [requestId=c4fa6a6b-7c09-44c4-bf8a-f98525bc42ea]
                [clientIp=]
                [userAgent=]
                [c.s.s.l.filter.RequestLoggingFilter]
                -
                REQUEST COMPLETED : POST /student/add Status=200 Time=38791ms
2026-07-14 22:06:40
                INFO 
                [http-nio-8080-exec-3]
                [requestId=1d03777d-a66d-49d3-b602-432a264e135b]
                [clientIp=]
                [userAgent=]
                [c.s.s.l.filter.RequestLoggingFilter]
                -
                Incoming Request : POST /student/add
2026-07-14 22:06:44
                INFO 
                [http-nio-8080-exec-3]
                [requestId=1d03777d-a66d-49d3-b602-432a264e135b]
                [clientIp=]
                [userAgent=]
                [c.s.s.l.i.LoggingInterceptor]
                -
                Controller=StudentController Method=addStudent started
2026-07-14 22:06:44
                DEBUG
                [http-nio-8080-exec-3]
                [requestId=1d03777d-a66d-49d3-b602-432a264e135b]
                [clientIp=]
                [userAgent=]
                [c.s.s.Controller.StudentController]
                -
                Incoming student request StudentDto.StudentRequest(ID=null, name=sridhar s, course=java)
2026-07-14 22:06:47
                INFO 
                [http-nio-8080-exec-3]
                [requestId=1d03777d-a66d-49d3-b602-432a264e135b]
                [clientIp=]
                [userAgent=]
                [c.s.s.logging.aspect.LoggingAspect]
                -
                Entering StudentService.AddStudent()
2026-07-14 22:06:47
                INFO 
                [http-nio-8080-exec-3]
                [requestId=1d03777d-a66d-49d3-b602-432a264e135b]
                [clientIp=]
                [userAgent=]
                [c.s.s.Service.StudentService]
                -
                Student creation request received
2026-07-14 22:06:47
                INFO 
                [http-nio-8080-exec-3]
                [requestId=1d03777d-a66d-49d3-b602-432a264e135b]
                [clientIp=]
                [userAgent=]
                [c.s.s.Service.StudentService]
                -
                Student created successfully. StudentId=2, Name=sridhar s
2026-07-14 22:06:56
                INFO 
                [http-nio-8080-exec-3]
                [requestId=1d03777d-a66d-49d3-b602-432a264e135b]
                [clientIp=]
                [userAgent=]
                [c.s.s.logging.aspect.LoggingAspect]
                -
                Completed StudentService.AddStudent() in 9418 ms
2026-07-14 22:06:57
                INFO 
                [http-nio-8080-exec-3]
                [requestId=1d03777d-a66d-49d3-b602-432a264e135b]
                [clientIp=]
                [userAgent=]
                [c.s.s.Controller.StudentController]
                -
                Student created successfully. StudentName=sridhar s
2026-07-14 22:06:58
                INFO 
                [http-nio-8080-exec-3]
                [requestId=1d03777d-a66d-49d3-b602-432a264e135b]
                [clientIp=]
                [userAgent=]
                [c.s.s.l.i.LoggingInterceptor]
                -
                Controller=StudentController Method=addStudent completed Status=200 Time=15860 ms
2026-07-14 22:06:58
                INFO 
                [http-nio-8080-exec-3]
                [requestId=1d03777d-a66d-49d3-b602-432a264e135b]
                [clientIp=]
                [userAgent=]
                [c.s.s.l.filter.RequestLoggingFilter]
                -
                REQUEST COMPLETED : POST /student/add Status=200 Time=23864ms
2026-07-14 22:07:08
                INFO 
                [http-nio-8080-exec-2]
                [requestId=1442487f-eede-4bb7-be2e-02ecdfa72c28]
                [clientIp=]
                [userAgent=]
                [c.s.s.l.filter.RequestLoggingFilter]
                -
                Incoming Request : GET /student/getstudent
2026-07-14 22:07:09
                INFO 
                [http-nio-8080-exec-2]
                [requestId=1442487f-eede-4bb7-be2e-02ecdfa72c28]
                [clientIp=]
                [userAgent=]
                [c.s.s.l.i.LoggingInterceptor]
                -
                Controller=StudentController Method=getStudent started
2026-07-14 22:07:09
                INFO 
                [http-nio-8080-exec-2]
                [requestId=1442487f-eede-4bb7-be2e-02ecdfa72c28]
                [clientIp=]
                [userAgent=]
                [c.s.s.Controller.StudentController]
                -
                GET /student/getstudent request received
2026-07-14 22:07:10
                INFO 
                [http-nio-8080-exec-2]
                [requestId=1442487f-eede-4bb7-be2e-02ecdfa72c28]
                [clientIp=]
                [userAgent=]
                [c.s.s.logging.aspect.LoggingAspect]
                -
                Entering StudentService.getStudents()
2026-07-14 22:07:10
                INFO 
                [http-nio-8080-exec-2]
                [requestId=1442487f-eede-4bb7-be2e-02ecdfa72c28]
                [clientIp=]
                [userAgent=]
                [c.s.s.Service.StudentService]
                -
                Fetching all students
2026-07-14 22:07:10
                INFO 
                [http-nio-8080-exec-2]
                [requestId=1442487f-eede-4bb7-be2e-02ecdfa72c28]
                [clientIp=]
                [userAgent=]
                [c.s.s.logging.aspect.LoggingAspect]
                -
                Completed StudentService.getStudents() in 544 ms
2026-07-14 22:07:11
                INFO 
                [http-nio-8080-exec-2]
                [requestId=1442487f-eede-4bb7-be2e-02ecdfa72c28]
                [clientIp=]
                [userAgent=]
                [c.s.s.Controller.StudentController]
                -
                Students fetched successfully. Count=2
2026-07-14 22:07:11
                INFO 
                [http-nio-8080-exec-2]
                [requestId=1442487f-eede-4bb7-be2e-02ecdfa72c28]
                [clientIp=]
                [userAgent=]
                [c.s.s.l.i.LoggingInterceptor]
                -
                Controller=StudentController Method=getStudent completed Status=200 Time=2469 ms
2026-07-14 22:07:11
                INFO 
                [http-nio-8080-exec-2]
                [requestId=1442487f-eede-4bb7-be2e-02ecdfa72c28]
                [clientIp=]
                [userAgent=]
                [c.s.s.l.filter.RequestLoggingFilter]
                -
                REQUEST COMPLETED : GET /student/getstudent Status=200 Time=5754ms
2026-07-14 22:40:50
                INFO 
                [SpringApplicationShutdownHook]
                [requestId=]
                [clientIp=]
                [userAgent=]
                [o.s.b.w.e.tomcat.GracefulShutdown]
                -
                Commencing graceful shutdown. Waiting for active requests to complete
2026-07-14 22:40:51
                INFO 
                [tomcat-shutdown]
                [requestId=]
                [clientIp=]
                [userAgent=]
                [o.s.b.w.e.tomcat.GracefulShutdown]
                -
                Graceful shutdown complete
2026-07-14 22:40:51
                INFO 
                [SpringApplicationShutdownHook]
                [requestId=]
                [clientIp=]
                [userAgent=]
                [o.s.o.j.LocalContainerEntityManagerFactoryBean]
                -
                Closing JPA EntityManagerFactory for persistence unit 'default'
2026-07-14 22:40:51
                INFO 
                [SpringApplicationShutdownHook]
                [requestId=]
                [clientIp=]
                [userAgent=]
                [com.zaxxer.hikari.HikariDataSource]
                -
                HikariPool-1 - Shutdown initiated...
2026-07-14 22:40:51
                INFO 
                [SpringApplicationShutdownHook]
                [requestId=]
                [clientIp=]
                [userAgent=]
                [com.zaxxer.hikari.HikariDataSource]
                -
                HikariPool-1 - Shutdown completed.
